# JRE version: OpenJDK Runtime Environment Temurin-21.0.5+11 (21.0.5+11) (build 21.0.5+11-LTS)
# Java VM: OpenJDK 64-Bit Server VM Temurin-21.0.5+11 (21.0.5+11-LTS, mixed mode, sharing, tiered, compressed oops, compressed class ptrs, g1 gc, windows-amd64)
GC Precious Log:
 CardTable entry size: 512
 Card Set container configuration: InlinePtr #cards 5 size 8 Array Of Cards #cards 12 size 40 Howl #buckets 4 coarsen threshold 1843 Howl Bitmap #cards 512 size 80 coarsen threshold 460 Card regions per heap region 1 cards per card region 2048
 CPUs: 4 total, 4 available
 Memory: 8075M
 Large Page Support: Disabled
 NUMA Support: Disabled
 Compressed Oops: Enabled (32-bit)
 Heap Region Size: 1M
 Heap Min Capacity: 8M
 Heap Initial Capacity: 128M
 Heap Max Capacity: 2020M
 Pre-touch: Disabled
 Parallel Workers: 4
 Concurrent Workers: 1
 Concurrent Refinement Workers: 4
 Periodic GC: Disabled
Heap:
 garbage-first heap   total 61440K, used 37210K [0x0000000081c00000, 0x0000000100000000)
  region size 1024K, 4 young (4096K), 2 survivors (2048K)
 Metaspace       used 78183K, committed 79040K, reserved 1179648K
  class space    used 10529K, committed 10944K, reserved 1048576K
GC Heap History (20 events):
Event: 44.167 GC heap before
{Heap before GC invocations=19 (full 0):
 garbage-first heap   total 48128K, used 41512K [0x0000000081c00000, 0x0000000100000000)
  region size 1024K, 16 young (16384K), 3 survivors (3072K)
 Metaspace       used 65074K, committed 65792K, reserved 1114112K
  class space    used 8788K, committed 9088K, reserved 1048576K
}
Event: 44.181 GC heap after
{Heap after GC invocations=20 (full 0):
 garbage-first heap   total 48128K, used 29503K [0x0000000081c00000, 0x0000000100000000)
  region size 1024K, 2 young (2048K), 2 survivors (2048K)
 Metaspace       used 65074K, committed 65792K, reserved 1114112K
  class space    used 8788K, committed 9088K, reserved 1048576K
}
Event: 46.371 GC heap before
{Heap before GC invocations=20 (full 0):
 garbage-first heap   total 48128K, used 41791K [0x0000000081c00000, 0x0000000100000000)
  region size 1024K, 14 young (14336K), 2 survivors (2048K)
 Metaspace       used 66966K, committed 67648K, reserved 1114112K
  class space    used 9045K, committed 9344K, reserved 1048576K
}
Event: 46.385 GC heap after
{Heap after GC invocations=21 (full 0):
 garbage-first heap   total 48128K, used 31003K [0x0000000081c00000, 0x0000000100000000)
  region size 1024K, 2 young (2048K), 2 survivors (2048K)
 Metaspace       used 66966K, committed 67648K, reserved 1114112K
  class space    used 9045K, committed 9344K, reserved 1048576K
}
Event: 47.881 GC heap before
{Heap before GC invocations=21 (full 0):
 garbage-first heap   total 48128K, used 42267K [0x0000000081c00000, 0x0000000100000000)
  region size 1024K, 13 young (13312K), 2 survivors (2048K)
 Metaspace       used 68803K, committed 69568K, reserved 1114112K
  class space    used 9307K, committed 9664K, reserved 1048576K
}
Event: 47.891 GC heap after
{Heap after GC invocations=22 (full 0):
 garbage-first heap   total 48128K, used 32484K [0x0000000081c00000, 0x0000000100000000)
  region size 1024K, 2 young (2048K), 2 survivors (2048K)
 Metaspace       used 68803K, committed 69568K, reserved 1114112K
  class space    used 9307K, committed 9664K, reserved 1048576K
}
Event: 86.515 GC heap before
{Heap before GC invocations=23 (full 0):
 garbage-first heap   total 56320K, used 40676K [0x0000000081c00000, 0x0000000100000000)
  region size 1024K, 10 young (10240K), 2 survivors (2048K)
 Metaspace       used 70089K, committed 70848K, reserved 1114112K
  class space    used 9480K, committed 9856K, reserved 1048576K
}
Event: 86.536 GC heap after
{Heap after GC invocations=24 (full 0):
 garbage-first heap   total 56320K, used 33073K [0x0000000081c00000, 0x0000000100000000)
  region size 1024K, 1 young (1024K), 1 survivors (1024K)
 Metaspace       used 70089K, committed 70848K, reserved 1114112K
  class space    used 9480K, committed 9856K, reserved 1048576K
}
Event: 170.506 GC heap before
{Heap before GC invocations=24 (full 0):
 garbage-first heap   total 56320K, used 48433K [0x0000000081c00000, 0x0000000100000000)
  region size 1024K, 17 young (17408K), 1 survivors (1024K)
 Metaspace       used 73970K, committed 74816K, reserved 1114112K
  class space    used 9996K, committed 10368K, reserved 1048576K
}
Event: 170.522 GC heap after
{Heap after GC invocations=25 (full 0):
 garbage-first heap   total 56320K, used 33855K [0x0000000081c00000, 0x0000000100000000)
  region size 1024K, 2 young (2048K), 2 survivors (2048K)
 Metaspace       used 73970K, committed 74816K, reserved 1114112K
  class space    used 9996K, committed 10368K, reserved 1048576K
}
Event: 472.544 GC heap before
{Heap before GC invocations=25 (full 0):
 garbage-first heap   total 56320K, used 48191K [0x0000000081c00000, 0x0000000100000000)
  region size 1024K, 17 young (17408K), 2 survivors (2048K)
 Metaspace       used 75159K, committed 75968K, reserved 1179648K
  class space    used 10145K, committed 10496K, reserved 1048576K
}
Event: 472.730 GC heap after
{Heap after GC invocations=26 (full 0):
 garbage-first heap   total 56320K, used 34116K [0x0000000081c00000, 0x0000000100000000)
  region size 1024K, 2 young (2048K), 2 survivors (2048K)
 Metaspace       used 75159K, committed 75968K, reserved 1179648K
  class space    used 10145K, committed 10496K, reserved 1048576K
}
Event: 878.511 GC heap before
{Heap before GC invocations=27 (full 0):
 garbage-first heap   total 60416K, used 48452K [0x0000000081c00000, 0x0000000100000000)
  region size 1024K, 16 young (16384K), 2 survivors (2048K)
 Metaspace       used 75173K, committed 75968K, reserved 1179648K
  class space    used 10146K, committed 10496K, reserved 1048576K
}
Event: 878.526 GC heap after
{Heap after GC invocations=28 (full 0):
 garbage-first heap   total 60416K, used 34177K [0x0000000081c00000, 0x0000000100000000)
  region size 1024K, 1 young (1024K), 1 survivors (1024K)
 Metaspace       used 75173K, committed 75968K, reserved 1179648K
  class space    used 10146K, committed 10496K, reserved 1048576K
}
Event: 1008.420 GC heap before
{Heap before GC invocations=28 (full 0):
 garbage-first heap   total 60416K, used 52609K [0x0000000081c00000, 0x0000000100000000)
  region size 1024K, 20 young (20480K), 1 survivors (1024K)
 Metaspace       used 77244K, committed 78080K, reserved 1179648K
  class space    used 10428K, committed 10816K, reserved 1048576K
}
Event: 1008.444 GC heap after
{Heap after GC invocations=29 (full 0):
 garbage-first heap   total 60416K, used 35056K [0x0000000081c00000, 0x0000000100000000)
  region size 1024K, 2 young (2048K), 2 survivors (2048K)
 Metaspace       used 77244K, committed 78080K, reserved 1179648K
  class space    used 10428K, committed 10816K, reserved 1048576K
}
Event: 1185.676 GC heap before
{Heap before GC invocations=29 (full 0):
 garbage-first heap   total 60416K, used 52464K [0x0000000081c00000, 0x0000000100000000)
  region size 1024K, 20 young (20480K), 2 survivors (2048K)
 Metaspace       used 78135K, committed 79040K, reserved 1179648K
  class space    used 10529K, committed 10944K, reserved 1048576K
}
Event: 1185.689 GC heap after
{Heap after GC invocations=30 (full 0):
 garbage-first heap   total 60416K, used 35894K [0x0000000081c00000, 0x0000000100000000)
  region size 1024K, 3 young (3072K), 3 survivors (3072K)
 Metaspace       used 78135K, committed 79040K, reserved 1179648K
  class space    used 10529K, committed 10944K, reserved 1048576K
}
Event: 1599.897 GC heap before
{Heap before GC invocations=31 (full 0):
 garbage-first heap   total 61440K, used 53302K [0x0000000081c00000, 0x0000000100000000)
  region size 1024K, 20 young (20480K), 3 survivors (3072K)
 Metaspace       used 78183K, committed 79040K, reserved 1179648K
  class space    used 10529K, committed 10944K, reserved 1048576K
}
Event: 1599.918 GC heap after
{Heap after GC invocations=32 (full 0):
 garbage-first heap   total 61440K, used 36186K [0x0000000081c00000, 0x0000000100000000)
  region size 1024K, 2 young (2048K), 2 survivors (2048K)
 Metaspace       used 78183K, committed 79040K, reserved 1179648K
  class space    used 10529K, committed 10944K, reserved 1048576K
}

