# JRE version: OpenJDK Runtime Environment Temurin-21.0.5+11 (21.0.5+11) (build 21.0.5+11-LTS)
# Java VM: OpenJDK 64-Bit Server VM Temurin-21.0.5+11 (21.0.5+11-LTS, mixed mode, sharing, tiered, compressed oops, compressed class ptrs, g1 gc, windows-amd64)
GC Precious Log:
 CardTable entry size: 512
 Card Set container configuration: InlinePtr #cards 5 size 8 Array Of Cards #cards 12 size 40 Howl #buckets 4 coarsen threshold 1843 Howl Bitmap #cards 512 size 80 coarsen threshold 460 Card regions per heap region 1 cards per card region 2048
 CPUs: 4 total, 4 available
 Memory: 8075M
 Large Page Support: Disabled
 NUMA Support: Disabled
 Compressed Oops: Enabled (32-bit)
 Heap Region Size: 1M
 Heap Min Capacity: 8M
 Heap Initial Capacity: 128M
 Heap Max Capacity: 2020M
 Pre-touch: Disabled
 Parallel Workers: 4
 Concurrent Workers: 1
 Concurrent Refinement Workers: 4
 Periodic GC: Disabled
Heap:
 garbage-first heap   total 61440K, used 44252K [0x0000000081c00000, 0x0000000100000000)
  region size 1024K, 12 young (12288K), 2 survivors (2048K)
 Metaspace       used 77750K, committed 78656K, reserved 1179648K
  class space    used 10413K, committed 10816K, reserved 1048576K
GC Heap History (20 events):
Event: 23.462 GC heap before
{Heap before GC invocations=21 (full 0):
 garbage-first heap   total 51200K, used 44643K [0x0000000081c00000, 0x0000000100000000)
  region size 1024K, 16 young (16384K), 2 survivors (2048K)
 Metaspace       used 69224K, committed 70016K, reserved 1114112K
  class space    used 9372K, committed 9728K, reserved 1048576K
}
Event: 23.472 GC heap after
{Heap after GC invocations=22 (full 0):
 garbage-first heap   total 51200K, used 32782K [0x0000000081c00000, 0x0000000100000000)
  region size 1024K, 2 young (2048K), 2 survivors (2048K)
 Metaspace       used 69224K, committed 70016K, reserved 1114112K
  class space    used 9372K, committed 9728K, reserved 1048576K
}
Event: 64.380 GC heap before
{Heap before GC invocations=22 (full 0):
 garbage-first heap   total 51200K, used 44046K [0x0000000081c00000, 0x0000000100000000)
  region size 1024K, 14 young (14336K), 2 survivors (2048K)
 Metaspace       used 72297K, committed 73088K, reserved 1114112K
  class space    used 9731K, committed 10112K, reserved 1048576K
}
Event: 64.392 GC heap after
{Heap after GC invocations=23 (full 0):
 garbage-first heap   total 51200K, used 33953K [0x0000000081c00000, 0x0000000100000000)
  region size 1024K, 2 young (2048K), 2 survivors (2048K)
 Metaspace       used 72297K, committed 73088K, reserved 1114112K
  class space    used 9731K, committed 10112K, reserved 1048576K
}
Event: 294.865 GC heap before
{Heap before GC invocations=24 (full 0):
 garbage-first heap   total 58368K, used 44193K [0x0000000081c00000, 0x0000000100000000)
  region size 1024K, 12 young (12288K), 2 survivors (2048K)
 Metaspace       used 72521K, committed 73280K, reserved 1114112K
  class space    used 9744K, committed 10112K, reserved 1048576K
}
Event: 294.870 GC heap after
{Heap after GC invocations=25 (full 0):
 garbage-first heap   total 58368K, used 34249K [0x0000000081c00000, 0x0000000100000000)
  region size 1024K, 1 young (1024K), 1 survivors (1024K)
 Metaspace       used 72521K, committed 73280K, reserved 1114112K
  class space    used 9744K, committed 10112K, reserved 1048576K
}
Event: 356.658 GC heap before
{Heap before GC invocations=25 (full 0):
 garbage-first heap   total 58368K, used 50633K [0x0000000081c00000, 0x0000000100000000)
  region size 1024K, 18 young (18432K), 1 survivors (1024K)
 Metaspace       used 74488K, committed 75264K, reserved 1114112K
  class space    used 10002K, committed 10368K, reserved 1048576K
}
Event: 356.669 GC heap after
{Heap after GC invocations=26 (full 0):
 garbage-first heap   total 58368K, used 35042K [0x0000000081c00000, 0x0000000100000000)
  region size 1024K, 2 young (2048K), 2 survivors (2048K)
 Metaspace       used 74488K, committed 75264K, reserved 1114112K
  class space    used 10002K, committed 10368K, reserved 1048576K
}
Event: 429.540 GC heap before
{Heap before GC invocations=26 (full 0):
 garbage-first heap   total 58368K, used 50402K [0x0000000081c00000, 0x0000000100000000)
  region size 1024K, 18 young (18432K), 2 survivors (2048K)
 Metaspace       used 76650K, committed 77440K, reserved 1179648K
  class space    used 10272K, committed 10624K, reserved 1048576K
}
Event: 429.547 GC heap after
{Heap after GC invocations=27 (full 0):
 garbage-first heap   total 58368K, used 35548K [0x0000000081c00000, 0x0000000100000000)
  region size 1024K, 3 young (3072K), 3 survivors (3072K)
 Metaspace       used 76650K, committed 77440K, reserved 1179648K
  class space    used 10272K, committed 10624K, reserved 1048576K
}
Event: 763.383 GC heap before
{Heap before GC invocations=28 (full 0):
 garbage-first heap   total 61440K, used 49884K [0x0000000081c00000, 0x0000000100000000)
  region size 1024K, 18 young (18432K), 3 survivors (3072K)
 Metaspace       used 77473K, committed 78272K, reserved 1179648K
  class space    used 10405K, committed 10752K, reserved 1048576K
}
Event: 763.421 GC heap after
{Heap after GC invocations=29 (full 0):
 garbage-first heap   total 61440K, used 35781K [0x0000000081c00000, 0x0000000100000000)
  region size 1024K, 1 young (1024K), 1 survivors (1024K)
 Metaspace       used 77473K, committed 78272K, reserved 1179648K
  class space    used 10405K, committed 10752K, reserved 1048576K
}
Event: 1321.008 GC heap before
{Heap before GC invocations=29 (full 0):
 garbage-first heap   total 61440K, used 56261K [0x0000000081c00000, 0x0000000100000000)
  region size 1024K, 21 young (21504K), 1 survivors (1024K)
 Metaspace       used 77515K, committed 78336K, reserved 1179648K
  class space    used 10407K, committed 10752K, reserved 1048576K
}
Event: 1321.180 GC heap after
{Heap after GC invocations=30 (full 0):
 garbage-first heap   total 61440K, used 35170K [0x0000000081c00000, 0x0000000100000000)
  region size 1024K, 1 young (1024K), 1 survivors (1024K)
 Metaspace       used 77515K, committed 78336K, reserved 1179648K
  class space    used 10407K, committed 10752K, reserved 1048576K
}
Event: 1799.728 GC heap before
{Heap before GC invocations=30 (full 0):
 garbage-first heap   total 61440K, used 56674K [0x0000000081c00000, 0x0000000100000000)
  region size 1024K, 22 young (22528K), 1 survivors (1024K)
 Metaspace       used 77612K, committed 78464K, reserved 1179648K
  class space    used 10408K, committed 10816K, reserved 1048576K
}
Event: 1799.894 GC heap after
{Heap after GC invocations=31 (full 0):
 garbage-first heap   total 61440K, used 35703K [0x0000000081c00000, 0x0000000100000000)
  region size 1024K, 2 young (2048K), 2 survivors (2048K)
 Metaspace       used 77612K, committed 78464K, reserved 1179648K
  class space    used 10408K, committed 10816K, reserved 1048576K
}
Event: 2326.408 GC heap before
{Heap before GC invocations=32 (full 0):
 garbage-first heap   total 61440K, used 55159K [0x0000000081c00000, 0x0000000100000000)
  region size 1024K, 21 young (21504K), 2 survivors (2048K)
 Metaspace       used 77627K, committed 78464K, reserved 1179648K
  class space    used 10408K, committed 10816K, reserved 1048576K
}
Event: 2326.451 GC heap after
{Heap after GC invocations=33 (full 0):
 garbage-first heap   total 61440K, used 35702K [0x0000000081c00000, 0x0000000100000000)
  region size 1024K, 2 young (2048K), 2 survivors (2048K)
 Metaspace       used 77627K, committed 78464K, reserved 1179648K
  class space    used 10408K, committed 10816K, reserved 1048576K
}
Event: 2851.397 GC heap before
{Heap before GC invocations=33 (full 0):
 garbage-first heap   total 61440K, used 55158K [0x0000000081c00000, 0x0000000100000000)
  region size 1024K, 21 young (21504K), 2 survivors (2048K)
 Metaspace       used 77683K, committed 78528K, reserved 1179648K
  class space    used 10408K, committed 10816K, reserved 1048576K
}
Event: 2851.553 GC heap after
{Heap after GC invocations=34 (full 0):
 garbage-first heap   total 61440K, used 35036K [0x0000000081c00000, 0x0000000100000000)
  region size 1024K, 2 young (2048K), 2 survivors (2048K)
 Metaspace       used 77683K, committed 78528K, reserved 1179648K
  class space    used 10408K, committed 10816K, reserved 1048576K
}

