# JRE version: OpenJDK Runtime Environment Temurin-21.0.5+11 (21.0.5+11) (build 21.0.5+11-LTS)
# Java VM: OpenJDK 64-Bit Server VM Temurin-21.0.5+11 (21.0.5+11-LTS, mixed mode, sharing, tiered, compressed oops, compressed class ptrs, g1 gc, windows-amd64)
GC Precious Log:
 CardTable entry size: 512
 Card Set container configuration: InlinePtr #cards 5 size 8 Array Of Cards #cards 12 size 40 Howl #buckets 4 coarsen threshold 1843 Howl Bitmap #cards 512 size 80 coarsen threshold 460 Card regions per heap region 1 cards per card region 2048
 CPUs: 4 total, 4 available
 Memory: 8075M
 Large Page Support: Disabled
 NUMA Support: Disabled
 Compressed Oops: Enabled (32-bit)
 Heap Region Size: 1M
 Heap Min Capacity: 8M
 Heap Initial Capacity: 128M
 Heap Max Capacity: 2020M
 Pre-touch: Disabled
 Parallel Workers: 4
 Concurrent Workers: 1
 Concurrent Refinement Workers: 4
 Periodic GC: Disabled
Heap:
 garbage-first heap   total 55296K, used 38354K [0x0000000081c00000, 0x0000000100000000)
  region size 1024K, 16 young (16384K), 1 survivors (1024K)
 Metaspace       used 72373K, committed 73344K, reserved 1114112K
  class space    used 9638K, committed 10112K, reserved 1048576K
GC Heap History (20 events):
Event: 39154.040 GC heap before
{Heap before GC invocations=81 (full 0):
 garbage-first heap   total 55296K, used 48975K [0x0000000081c00000, 0x0000000100000000)
  region size 1024K, 24 young (24576K), 1 survivors (1024K)
 Metaspace       used 72316K, committed 73216K, reserved 1114112K
  class space    used 9635K, committed 10112K, reserved 1048576K
}
Event: 39154.042 GC heap after
{Heap after GC invocations=82 (full 0):
 garbage-first heap   total 55296K, used 25366K [0x0000000081c00000, 0x0000000100000000)
  region size 1024K, 1 young (1024K), 1 survivors (1024K)
 Metaspace       used 72316K, committed 73216K, reserved 1114112K
  class space    used 9635K, committed 10112K, reserved 1048576K
}
Event: 39743.625 GC heap before
{Heap before GC invocations=82 (full 0):
 garbage-first heap   total 55296K, used 48918K [0x0000000081c00000, 0x0000000100000000)
  region size 1024K, 24 young (24576K), 1 survivors (1024K)
 Metaspace       used 72324K, committed 73280K, reserved 1114112K
  class space    used 9636K, committed 10112K, reserved 1048576K
}
Event: 39743.683 GC heap after
{Heap after GC invocations=83 (full 0):
 garbage-first heap   total 55296K, used 25244K [0x0000000081c00000, 0x0000000100000000)
  region size 1024K, 1 young (1024K), 1 survivors (1024K)
 Metaspace       used 72324K, committed 73280K, reserved 1114112K
  class space    used 9636K, committed 10112K, reserved 1048576K
}
Event: 40307.781 GC heap before
{Heap before GC invocations=83 (full 0):
 garbage-first heap   total 55296K, used 48796K [0x0000000081c00000, 0x0000000100000000)
  region size 1024K, 24 young (24576K), 1 survivors (1024K)
 Metaspace       used 72331K, committed 73280K, reserved 1114112K
  class space    used 9636K, committed 10112K, reserved 1048576K
}
Event: 40307.791 GC heap after
{Heap after GC invocations=84 (full 0):
 garbage-first heap   total 55296K, used 25315K [0x0000000081c00000, 0x0000000100000000)
  region size 1024K, 1 young (1024K), 1 survivors (1024K)
 Metaspace       used 72331K, committed 73280K, reserved 1114112K
  class space    used 9636K, committed 10112K, reserved 1048576K
}
Event: 40958.119 GC heap before
{Heap before GC invocations=85 (full 0):
 garbage-first heap   total 55296K, used 48867K [0x0000000081c00000, 0x0000000100000000)
  region size 1024K, 24 young (24576K), 1 survivors (1024K)
 Metaspace       used 72331K, committed 73280K, reserved 1114112K
  class space    used 9636K, committed 10112K, reserved 1048576K
}
Event: 40958.161 GC heap after
{Heap after GC invocations=86 (full 0):
 garbage-first heap   total 55296K, used 25300K [0x0000000081c00000, 0x0000000100000000)
  region size 1024K, 1 young (1024K), 1 survivors (1024K)
 Metaspace       used 72331K, committed 73280K, reserved 1114112K
  class space    used 9636K, committed 10112K, reserved 1048576K
}
Event: 41536.561 GC heap before
{Heap before GC invocations=86 (full 0):
 garbage-first heap   total 55296K, used 48852K [0x0000000081c00000, 0x0000000100000000)
  region size 1024K, 24 young (24576K), 1 survivors (1024K)
 Metaspace       used 72347K, committed 73280K, reserved 1114112K
  class space    used 9636K, committed 10112K, reserved 1048576K
}
Event: 41537.232 GC heap after
{Heap after GC invocations=87 (full 0):
 garbage-first heap   total 55296K, used 25157K [0x0000000081c00000, 0x0000000100000000)
  region size 1024K, 1 young (1024K), 1 survivors (1024K)
 Metaspace       used 72347K, committed 73280K, reserved 1114112K
  class space    used 9636K, committed 10112K, reserved 1048576K
}
Event: 42196.332 GC heap before
{Heap before GC invocations=87 (full 0):
 garbage-first heap   total 55296K, used 48709K [0x0000000081c00000, 0x0000000100000000)
  region size 1024K, 24 young (24576K), 1 survivors (1024K)
 Metaspace       used 72347K, committed 73280K, reserved 1114112K
  class space    used 9636K, committed 10112K, reserved 1048576K
}
Event: 42196.375 GC heap after
{Heap after GC invocations=88 (full 0):
 garbage-first heap   total 55296K, used 25186K [0x0000000081c00000, 0x0000000100000000)
  region size 1024K, 1 young (1024K), 1 survivors (1024K)
 Metaspace       used 72347K, committed 73280K, reserved 1114112K
  class space    used 9636K, committed 10112K, reserved 1048576K
}
Event: 42223.343 GC heap before
{Heap before GC invocations=89 (full 0):
 garbage-first heap   total 55296K, used 26210K [0x0000000081c00000, 0x0000000100000000)
  region size 1024K, 2 young (2048K), 1 survivors (1024K)
 Metaspace       used 72347K, committed 73280K, reserved 1114112K
  class space    used 9636K, committed 10112K, reserved 1048576K
}
Event: 42223.350 GC heap after
{Heap after GC invocations=90 (full 0):
 garbage-first heap   total 55296K, used 25118K [0x0000000081c00000, 0x0000000100000000)
  region size 1024K, 1 young (1024K), 1 survivors (1024K)
 Metaspace       used 72347K, committed 73280K, reserved 1114112K
  class space    used 9636K, committed 10112K, reserved 1048576K
}
Event: 42249.730 GC heap before
{Heap before GC invocations=90 (full 0):
 garbage-first heap   total 55296K, used 26142K [0x0000000081c00000, 0x0000000100000000)
  region size 1024K, 2 young (2048K), 1 survivors (1024K)
 Metaspace       used 72347K, committed 73280K, reserved 1114112K
  class space    used 9636K, committed 10112K, reserved 1048576K
}
Event: 42249.763 GC heap after
{Heap after GC invocations=91 (full 0):
 garbage-first heap   total 55296K, used 25062K [0x0000000081c00000, 0x0000000100000000)
  region size 1024K, 1 young (1024K), 1 survivors (1024K)
 Metaspace       used 72347K, committed 73280K, reserved 1114112K
  class space    used 9636K, committed 10112K, reserved 1048576K
}
Event: 42863.029 GC heap before
{Heap before GC invocations=91 (full 0):
 garbage-first heap   total 55296K, used 49638K [0x0000000081c00000, 0x0000000100000000)
  region size 1024K, 25 young (25600K), 1 survivors (1024K)
 Metaspace       used 72347K, committed 73280K, reserved 1114112K
  class space    used 9636K, committed 10112K, reserved 1048576K
}
Event: 42863.050 GC heap after
{Heap after GC invocations=92 (full 0):
 garbage-first heap   total 55296K, used 25034K [0x0000000081c00000, 0x0000000100000000)
  region size 1024K, 1 young (1024K), 1 survivors (1024K)
 Metaspace       used 72347K, committed 73280K, reserved 1114112K
  class space    used 9636K, committed 10112K, reserved 1048576K
}
Event: 43487.144 GC heap before
{Heap before GC invocations=93 (full 0):
 garbage-first heap   total 55296K, used 49610K [0x0000000081c00000, 0x0000000100000000)
  region size 1024K, 25 young (25600K), 1 survivors (1024K)
 Metaspace       used 72357K, committed 73280K, reserved 1114112K
  class space    used 9636K, committed 10112K, reserved 1048576K
}
Event: 43487.183 GC heap after
{Heap after GC invocations=94 (full 0):
 garbage-first heap   total 55296K, used 25042K [0x0000000081c00000, 0x0000000100000000)
  region size 1024K, 1 young (1024K), 1 survivors (1024K)
 Metaspace       used 72357K, committed 73280K, reserved 1114112K
  class space    used 9636K, committed 10112K, reserved 1048576K
}

